
==========================================================================================================================================

Serpent continuous-energy Monte Carlo code version 1.1.19

Input file:   HW3_3_assemb
Date:         Sun Oct 26 17:13:23 2014
Title:        PWR single assembly

Random seed:  1414368803

Memory allocated for DATA array:      38834256 bytes (37.04 Mb)
Memory allocated for RESULTS array:     297920 bytes (290.94 kb)
Memory allocated for ASCII array:       424573 bytes (414.62 kb)
Total allocated memory:               39556749 bytes (37.72 Mb)

==========================================================================================================================================

XS data (7 isotopes)

==========================================================================================================================================

Columns: 1 - Pointer in DATA array
         2 - Nuclide alias
         3 - Nuclide name in ace file
         4 - Nuclide ZAI
         5 - Atomic weight ratio
         6 - Temperature (K)
         7 - Options
         8 - File path

  1/  7    10949   8016.06c   8016.06c  80160  15.99  600 8209 /usr/local/serpent/xsdata/endfb7/acedata/8016ENDF7.ace
  2/  7    11041   8016.09c   8016.09c  80160  15.99  900 8209 /usr/local/serpent/xsdata/endfb7/acedata/8016ENDF7.ace
  3/  7    72221  40000.06c  40000.06c 400000  91.22  600 8209 /usr/local/serpent/xsdata/endfb7/acedata/40000ENDF68.ace
  4/  7   212061  92235.09c  92235.09c 922350 235.04  900 8217 /usr/local/serpent/xsdata/endfb7/acedata/92235ENDF7.ace
  5/  7   213717  92238.09c  92238.09c 922380 238.05  900 8217 /usr/local/serpent/xsdata/endfb7/acedata/92238ENDF7.ace
  6/  7   244537   lwe7.12t   lwe7.12t  10010   1.01  600 8197 /usr/local/serpent/xsdata/endfb7/acedata/sssth1
  7/  7   245549   1001.06c   1001.06c  10010   1.01  600 8193 /usr/local/serpent/xsdata/endfb7/acedata/1001ENDF7.ace (  lwe7.12t)

==========================================================================================================================================

Material data (3 materials)

==========================================================================================================================================

Material "UO2":

-------------------------------------------------------------------
            a. weight   temp      m. frac      a. frac      a. dens
-------------------------------------------------------------------
 92235.09c  235.04395  900.0  4.35444E-02  1.66667E-02  1.16585E-03
 92238.09c  238.05078  900.0  8.37927E-01  3.16667E-01  2.21512E-02
  8016.09c   15.99492  900.0  1.18529E-01  6.66667E-01  4.66340E-02
       sum                    1.00000E+00  1.00000E+00  6.99510E-02
------------------------------------------------------
densities:                    1.04500E+01  6.99510E-02
------------------------------------------------------

Material "clad":

-------------------------------------------------------------------
            a. weight   temp      m. frac      a. frac      a. dens
-------------------------------------------------------------------
 40000.06c   91.21962  600.0  1.00000E+00  1.00000E+00  4.33071E-02
       sum                    1.00000E+00  1.00000E+00  4.33071E-02
------------------------------------------------------
densities:                    6.56000E+00  4.33071E-02
------------------------------------------------------

Material "water":

-------------------------------------------------------------------
            a. weight   temp      m. frac      a. frac      a. dens
-------------------------------------------------------------------
  1001.06c    1.00782  600.0  1.11915E-01  6.66667E-01  4.81481E-02  (b)
  8016.06c   15.99492  600.0  8.88085E-01  3.33333E-01  2.40740E-02
       sum                    1.00000E+00  1.00000E+00  7.22221E-02

Associated S(a,b) libraries:

  lwe7.12t    1.00782    N/A  1.11915E-01  6.66667E-01
------------------------------------------------------
densities:                    7.20000E-01  7.22221E-02
------------------------------------------------------

==========================================================================================================================================

Reaction mode fractions by nuclide

==========================================================================================================================================

Fission (total 1711866 reactions):

 92235.09c  922350 1615929 0.94396
 92238.09c  922380  95937 0.05604

==========================================================================================================================================

Cell data (9 cells)

==========================================================================================================================================

----- Cell "1": --------------------

Universe : 0
Level    : 0
Material : ---

Inside surface 1 (type  6 / sqc):

Parameters      :  0.00000E+00  0.00000E+00  1.07100E+01 
Neighbour cells :  1 2 

----- Cell "2": --------------------

Universe : 0
Level    : 0
Material : "water"

Outside surface 1 (type  6 / sqc):

Parameters      :  0.00000E+00  0.00000E+00  1.07100E+01 
Neighbour cells :  2 1 

Inside surface 2 (type  6 / sqc):

Parameters      :  0.00000E+00  0.00000E+00  1.07500E+01 
Neighbour cells :  2 91 

----- Cell "91": --------------------

Universe : 0
Level    : 0
Material : ---

Outside surface 2 (type  6 / sqc):

Parameters      :  0.00000E+00  0.00000E+00  1.07500E+01 
Neighbour cells :  91 2 

----- Cell "nst10c1": --------------------

Universe : 10
Level    : 2
Material : "UO2"

Inside surface nst10s1 (type  1 / cyl):

Parameters      :  0.00000E+00  0.00000E+00  4.10000E-01 
Neighbour cells :  nst10c1 nst10c2 

----- Cell "nst10c2": --------------------

Universe : 10
Level    : 2
Material : ---

Inside surface nst10s2 (type  1 / cyl):

Parameters      :  0.00000E+00  0.00000E+00  4.20000E-01 
Neighbour cells :  nst10c2 nst10c3 

Outside surface nst10s1 (type  1 / cyl):

Parameters      :  0.00000E+00  0.00000E+00  4.10000E-01 
Neighbour cells :  nst10c2 nst10c1 

----- Cell "nst10c3": --------------------

Universe : 10
Level    : 2
Material : "clad"

Inside surface nst10s3 (type  1 / cyl):

Parameters      :  0.00000E+00  0.00000E+00  4.80000E-01 
Neighbour cells :  nst10c3 nst10c4 

Outside surface nst10s2 (type  1 / cyl):

Parameters      :  0.00000E+00  0.00000E+00  4.20000E-01 
Neighbour cells :  nst10c3 nst10c2 

----- Cell "nst10c4": --------------------

Universe : 10
Level    : 2
Material : "water"

Outside surface nst10s3 (type  1 / cyl):

Parameters      :  0.00000E+00  0.00000E+00  4.80000E-01 
Neighbour cells :  nst10c4 nst10c3 

----- Cell "lat1c1": --------------------

Universe : 1
Level    : 1
Material : ---

Inside surface lat1s1 (type  6 / sqc):

Parameters      :  0.00000E+00  0.00000E+00  6.30000E-01 
Neighbour cells :  lat1c1 lat1c2 

----- Cell "lat1c2": --------------------

Universe : 1
Level    : 1
Material : ---

Outside surface lat1s1 (type  6 / sqc):

Parameters      :  0.00000E+00  0.00000E+00  6.30000E-01 
Neighbour cells :  lat1c2 lat1c1 

==========================================================================================================================================

Summary of geometry data

==========================================================================================================================================

List of surfaces (6):

------------------------------------------------------------------------------
 Surface |  Type | Parameters
------------------------------------------------------------------------------
       1 |   sqc |  0.0000E+00  0.0000E+00  1.0710E+01 
       2 |   sqc |  0.0000E+00  0.0000E+00  1.0750E+01 
 nst10s1 |   cyl |  0.0000E+00  0.0000E+00  4.1000E-01 
 nst10s2 |   cyl |  0.0000E+00  0.0000E+00  4.2000E-01 
 nst10s3 |   cyl |  0.0000E+00  0.0000E+00  4.8000E-01 
  lat1s1 |   sqc |  0.0000E+00  0.0000E+00  6.3000E-01 
------------------------------------------------------------------------------

Geometry has 6 surfaces in 9 cells at 3 universes at 3 levels:

------------------------------------------------------------------------------
Level | Universe |     Cell | Surfaces
------------------------------------------------------------------------------
    0 |        0 |        1 | -1 
    0 |        0 |        2 |  1 -2 
    0 |        0 |       91 |  2 
    1 |        1 |   lat1c1 | -lat1s1 
    1 |        1 |   lat1c2 |  lat1s1 
    2 |       10 |  nst10c1 | -nst10s1 
    2 |       10 |  nst10c2 | -nst10s2  nst10s1 
    2 |       10 |  nst10c3 | -nst10s3  nst10s2 
    2 |       10 |  nst10c4 |  nst10s3 
------------------------------------------------------------------------------

List of cell neighbours:

------------------------------------------------------------------------------
Cell    | Neighbour cells 
------------------------------------------------------------------------------
1       | 1 2 
2       | 2 1 2 91 
91      | 91 2 
nst10c1 | nst10c1 nst10c2 
nst10c2 | nst10c2 nst10c3 nst10c2 nst10c1 
nst10c3 | nst10c3 nst10c4 nst10c3 nst10c2 
nst10c4 | nst10c4 nst10c3 
lat1c1  | lat1c1 lat1c2 
lat1c2  | lat1c2 lat1c1 
------------------------------------------------------------------------------

==========================================================================================================================================
