
==========================================================================================================================================

Serpent continuous-energy Monte Carlo code version 1.1.19

Input file:   HW3_4_single_pin
Date:         Sun Oct 26 20:48:29 2014
Title:        PWR single pin

Random seed:  1414381709

Memory allocated for DATA array:      31662744 bytes (30.20 Mb)
Memory allocated for RESULTS array:     205688 bytes (200.87 kb)
Memory allocated for ASCII array:       424954 bytes (414.99 kb)
Total allocated memory:               32293386 bytes (30.80 Mb)

==========================================================================================================================================

XS data (7 isotopes)

==========================================================================================================================================

Columns: 1 - Pointer in DATA array
         2 - Nuclide alias
         3 - Nuclide name in ace file
         4 - Nuclide ZAI
         5 - Atomic weight ratio
         6 - Temperature (K)
         7 - Options
         8 - File path

  1/  7    11336   8016.06c   8016.06c  80160  15.99  600 8193 /usr/local/serpent/xsdata/endfb7/acedata/8016ENDF7.ace
  2/  7    72608  40000.06c  40000.06c 400000  91.22  600 8209 /usr/local/serpent/xsdata/endfb7/acedata/40000ENDF68.ace
  3/  7   244924   lwe7.12t   lwe7.12t  10010   1.01  600 8197 /usr/local/serpent/xsdata/endfb7/acedata/sssth1
  4/  7   245936   1001.06c   1001.06c  10010   1.01  600 8193 /usr/local/serpent/xsdata/endfb7/acedata/1001ENDF7.ace (  lwe7.12t)
  5/  7   245982  92235.09c  92235.09c 922350 235.04 1100 8249 /usr/local/serpent/xsdata/endfb7/acedata/92235ENDF7.ace
  6/  7   246028  92238.09c  92238.09c 922380 238.05 1100 8249 /usr/local/serpent/xsdata/endfb7/acedata/92238ENDF7.ace
  7/  7   246074   8016.09c   8016.09c  80160  15.99 1100 8225 /usr/local/serpent/xsdata/endfb7/acedata/8016ENDF7.ace

==========================================================================================================================================

Material data (3 materials)

==========================================================================================================================================

Material "clad":

-------------------------------------------------------------------
            a. weight   temp      m. frac      a. frac      a. dens
-------------------------------------------------------------------
 40000.06c   91.21962  600.0  1.00000E+00  1.00000E+00  4.33071E-02
       sum                    1.00000E+00  1.00000E+00  4.33071E-02
------------------------------------------------------
densities:                    6.56000E+00  4.33071E-02
------------------------------------------------------

Material "water":

-------------------------------------------------------------------
            a. weight   temp      m. frac      a. frac      a. dens
-------------------------------------------------------------------
  1001.06c    1.00782  600.0  1.11915E-01  6.66667E-01  4.68106E-02  (b)
  8016.06c   15.99492  600.0  8.88085E-01  3.33333E-01  2.34053E-02
       sum                    1.00000E+00  1.00000E+00  7.02160E-02

Associated S(a,b) libraries:

  lwe7.12t    1.00782    N/A  1.11915E-01  6.66667E-01
------------------------------------------------------
densities:                    7.00000E-01  7.02160E-02
------------------------------------------------------

Material "fuelp10r1":

-------------------------------------------------------------------
            a. weight   temp      m. frac      a. frac      a. dens
-------------------------------------------------------------------
 92235.09c  235.04395    0.0  4.35444E-02  1.66667E-02  1.16139E-03
 92238.09c  238.05078    0.0  8.37927E-01  3.16667E-01  2.20664E-02
  8016.09c   15.99492    0.0  1.18529E-01  6.66667E-01  4.64555E-02
       sum                    1.00000E+00  1.00000E+00  6.96833E-02
------------------------------------------------------
densities:                    1.04100E+01  6.96833E-02
------------------------------------------------------

==========================================================================================================================================

Reaction mode fractions by nuclide

==========================================================================================================================================

Fission (total 147420 reactions):

 92235.09c  922350 140817 0.95521
 92238.09c  922380   6603 0.04479

==========================================================================================================================================

Cell data (8 cells)

==========================================================================================================================================

----- Cell "1": --------------------

Universe : 0
Level    : 0
Material : ---

Inside surface 2 (type  6 / sqc):

Parameters      :  0.00000E+00  0.00000E+00  7.00000E-01 
Neighbour cells :  1 3 

Inside surface 10 (type  4 / pz):

Parameters      :  2.00000E+02 
Neighbour cells :  1 4 

Outside surface 20 (type  4 / pz):

Parameters      : -2.00000E+02 
Neighbour cells :  1 5 

----- Cell "3": --------------------

Universe : 0
Level    : 0
Material : ---

Outside surface 2 (type  6 / sqc):

Parameters      :  0.00000E+00  0.00000E+00  7.00000E-01 
Neighbour cells :  3 1 4 5 

----- Cell "4": --------------------

Universe : 0
Level    : 0
Material : ---

Outside surface 10 (type  4 / pz):

Parameters      :  2.00000E+02 
Neighbour cells :  4 1 

Inside surface 2 (type  6 / sqc):

Parameters      :  0.00000E+00  0.00000E+00  7.00000E-01 
Neighbour cells :  4 3 

----- Cell "5": --------------------

Universe : 0
Level    : 0
Material : ---

Inside surface 20 (type  4 / pz):

Parameters      : -2.00000E+02 
Neighbour cells :  5 1 

Inside surface 2 (type  6 / sqc):

Parameters      :  0.00000E+00  0.00000E+00  7.00000E-01 
Neighbour cells :  5 3 

----- Cell "nst10c1": --------------------

Universe : 10
Level    : 1
Material : "fuelp10r1"

Inside surface nst10s1 (type  1 / cyl):

Parameters      :  0.00000E+00  0.00000E+00  4.10000E-01 
Neighbour cells :  nst10c1 nst10c2 

----- Cell "nst10c2": --------------------

Universe : 10
Level    : 1
Material : ---

Inside surface nst10s2 (type  1 / cyl):

Parameters      :  0.00000E+00  0.00000E+00  4.20000E-01 
Neighbour cells :  nst10c2 nst10c3 

Outside surface nst10s1 (type  1 / cyl):

Parameters      :  0.00000E+00  0.00000E+00  4.10000E-01 
Neighbour cells :  nst10c2 nst10c1 

----- Cell "nst10c3": --------------------

Universe : 10
Level    : 1
Material : "clad"

Inside surface nst10s3 (type  1 / cyl):

Parameters      :  0.00000E+00  0.00000E+00  4.80000E-01 
Neighbour cells :  nst10c3 nst10c4 

Outside surface nst10s2 (type  1 / cyl):

Parameters      :  0.00000E+00  0.00000E+00  4.20000E-01 
Neighbour cells :  nst10c3 nst10c2 

----- Cell "nst10c4": --------------------

Universe : 10
Level    : 1
Material : "water"

Outside surface nst10s3 (type  1 / cyl):

Parameters      :  0.00000E+00  0.00000E+00  4.80000E-01 
Neighbour cells :  nst10c4 nst10c3 

==========================================================================================================================================

Summary of geometry data

==========================================================================================================================================

List of surfaces (6):

------------------------------------------------------------------------------
 Surface |  Type | Parameters
------------------------------------------------------------------------------
      10 |    pz |  2.0000E+02 
      20 |    pz | -2.0000E+02 
       2 |   sqc |  0.0000E+00  0.0000E+00  7.0000E-01 
 nst10s1 |   cyl |  0.0000E+00  0.0000E+00  4.1000E-01 
 nst10s2 |   cyl |  0.0000E+00  0.0000E+00  4.2000E-01 
 nst10s3 |   cyl |  0.0000E+00  0.0000E+00  4.8000E-01 
------------------------------------------------------------------------------

Geometry has 6 surfaces in 8 cells at 2 universes at 2 levels:

------------------------------------------------------------------------------
Level | Universe |     Cell | Surfaces
------------------------------------------------------------------------------
    0 |        0 |        1 | -2 -10  20 
    0 |        0 |        3 |  2 
    0 |        0 |        5 | -20 -2 
    0 |        0 |        4 |  10 -2 
    1 |       10 |  nst10c1 | -nst10s1 
    1 |       10 |  nst10c2 | -nst10s2  nst10s1 
    1 |       10 |  nst10c3 | -nst10s3  nst10s2 
    1 |       10 |  nst10c4 |  nst10s3 
------------------------------------------------------------------------------

List of cell neighbours:

------------------------------------------------------------------------------
Cell    | Neighbour cells 
------------------------------------------------------------------------------
1       | 1 3 1 4 1 5 
3       | 3 1 4 5 
4       | 4 1 4 3 
5       | 5 1 5 3 
nst10c1 | nst10c1 nst10c2 
nst10c2 | nst10c2 nst10c3 nst10c2 nst10c1 
nst10c3 | nst10c3 nst10c4 nst10c3 nst10c2 
nst10c4 | nst10c4 nst10c3 
------------------------------------------------------------------------------

==========================================================================================================================================
