
==========================================================================================================================================

Serpent continuous-energy Monte Carlo code version 1.1.19

Input file:   HW3_5_sphere
Date:         Tue Oct 28 14:59:25 2014
Title:        Pu sphere

Random seed:  1414533565

Memory allocated for DATA array:      27703160 bytes (26.42 Mb)
Memory allocated for RESULTS array:     206416 bytes (201.58 kb)
Memory allocated for ASCII array:       424514 bytes (414.56 kb)
Total allocated memory:               28334090 bytes (27.02 Mb)

==========================================================================================================================================

XS data (4 isotopes)

==========================================================================================================================================

Columns: 1 - Pointer in DATA array
         2 - Nuclide alias
         3 - Nuclide name in ace file
         4 - Nuclide ZAI
         5 - Atomic weight ratio
         6 - Temperature (K)
         7 - Options
         8 - File path

  1/  4    44295  28058.09c  28058.09c 280580  57.94  900 8209 /usr/local/serpent/xsdata/endfb7/acedata/28058ENDF7.ace
  2/  4   219923  94239.09c  94239.09c 942390 239.05  900 8217 /usr/local/serpent/xsdata/endfb7/acedata/94239ENDF7.ace
  3/  4   220475  94240.09c  94240.09c 942400 240.05  900 8217 /usr/local/serpent/xsdata/endfb7/acedata/94240ENDF7.ace
  4/  4   221027  94241.09c  94241.09c 942410 241.05  900 8217 /usr/local/serpent/xsdata/endfb7/acedata/94241ENDF7.ace

==========================================================================================================================================

Material data (2 materials)

==========================================================================================================================================

Material "Pu":

-------------------------------------------------------------------
            a. weight   temp      m. frac      a. frac      a. dens
-------------------------------------------------------------------
 94239.09c  239.05218  900.0  9.51795E-01  9.51998E-01  3.70470E-02
 94240.09c  240.05420  900.0  4.51745E-02  4.49955E-02  1.75100E-03
 94241.09c  241.04873  900.0  3.03102E-03  3.00655E-03  1.17000E-04
       sum                    1.00000E+00  1.00000E+00  3.89150E-02
------------------------------------------------------
densities:                    1.54511E+01  3.89150E-02
------------------------------------------------------

Material "Ni":

-------------------------------------------------------------------
            a. weight   temp      m. frac      a. frac      a. dens
-------------------------------------------------------------------
 28058.09c   57.93570  900.0  1.00000E+00  1.00000E+00  9.13220E-02
       sum                    1.00000E+00  1.00000E+00  9.13220E-02
------------------------------------------------------
densities:                    8.78573E+00  9.13220E-02
------------------------------------------------------

==========================================================================================================================================

Reaction mode fractions by nuclide

==========================================================================================================================================

Fission (total 78279 reactions):

 94239.09c  942390  75557 0.96523
 94240.09c  942400   2493 0.03185
 94241.09c  942410    229 0.00293

==========================================================================================================================================

Cell data (3 cells)

==========================================================================================================================================

----- Cell "1": --------------------

Universe : 0
Level    : 0
Material : "Pu"

Inside surface 1 (type  9 / sph):

Parameters      :  0.00000E+00  0.00000E+00  0.00000E+00  6.38493E+00 
Neighbour cells :  1 2 

----- Cell "2": --------------------

Universe : 0
Level    : 0
Material : "Ni"

Outside surface 1 (type  9 / sph):

Parameters      :  0.00000E+00  0.00000E+00  0.00000E+00  6.38493E+00 
Neighbour cells :  2 1 

Inside surface 2 (type  9 / sph):

Parameters      :  0.00000E+00  0.00000E+00  0.00000E+00  6.39763E+00 
Neighbour cells :  2 3 

----- Cell "3": --------------------

Universe : 0
Level    : 0
Material : ---

Outside surface 2 (type  9 / sph):

Parameters      :  0.00000E+00  0.00000E+00  0.00000E+00  6.39763E+00 
Neighbour cells :  3 2 

==========================================================================================================================================

Summary of geometry data

==========================================================================================================================================

List of surfaces (2):

------------------------------------------------------------------------------
 Surface |  Type | Parameters
------------------------------------------------------------------------------
       1 |   sph |  0.0000E+00  0.0000E+00  0.0000E+00  6.3849E+00 
       2 |   sph |  0.0000E+00  0.0000E+00  0.0000E+00  6.3976E+00 
------------------------------------------------------------------------------

Geometry has 2 surfaces in 3 cells at 1 universes at 1 levels:

------------------------------------------------------------------------------
Level | Universe |     Cell | Surfaces
------------------------------------------------------------------------------
    0 |        0 |        1 | -1 
    0 |        0 |        3 |  2 
    0 |        0 |        2 |  1 -2 
------------------------------------------------------------------------------

List of cell neighbours:

------------------------------------------------------------------------------
Cell    | Neighbour cells 
------------------------------------------------------------------------------
1       | 1 2 
2       | 2 1 2 3 
3       | 3 2 
------------------------------------------------------------------------------

==========================================================================================================================================
